<?xml version="1.0" encoding="UTF-8"?>
<!-- Generated by org.testng.reporters.JUnitReportReporter -->
<testsuite hostname="GRACE" name="example.NewTest" tests="1" failures="0" timestamp="29 Oct 2020 10:20:06 GMT" time="37.309" errors="0">
  <testcase name="testEasy" time="37.309" classname="example.NewTest"/>
</testsuite> <!-- example.NewTest -->
